<?xml version="1.0" encoding="UTF-8"?>
<!-- Generated by org.testng.reporters.JUnitXMLReporter -->
<testsuite hostname="MUBARAK-PC" ignored="0" name="Test" tests="4" failures="0" timestamp="21 Dec 2018 06:00:02 GMT" time="0.105" errors="0">
  <testcase name="@BeforeMethod launchApplication" time="0.03" classname="TestCases.Testcases.Admin.Login.VerifyGreytHRLogin">
    <failure type="java.lang.NoClassDefFoundError" message="com/google/common/collect/ImmutableList">
      <![CDATA[java.lang.NoClassDefFoundError: com/google/common/collect/ImmutableList
at org.openqa.selenium.chrome.ChromeOptions.addArguments(ChromeOptions.java:124)
at Library.BaseClass.launchGreytHRApplication(BaseClass.java:28)
at TestCases.Testcases.Admin.Login.VerifyGreytHRLogin.launchApplication(VerifyGreytHRLogin.java:36)
Caused by: java.lang.ClassNotFoundException: com.google.common.collect.ImmutableList
at java.net.URLClassLoader.findClass(Unknown Source)
at java.lang.ClassLoader.loadClass(Unknown Source)
at sun.misc.Launcher$AppClassLoader.loadClass(Unknown Source)
at java.lang.ClassLoader.loadClass(Unknown Source)
... 31 more
... Removed 28 stack frames]]>
    </failure>
  </testcase> <!-- @BeforeMethod launchApplication -->
  <testcase name="@AfterMethod closeApplication" time="0.0" classname="TestCases.Testcases.Admin.Login.VerifyGreytHRLogin">
    <skipped/>
  </testcase> <!-- @AfterMethod closeApplication -->
  <testcase name="@BeforeMethod launchApplication" time="0.0" classname="TestCases.Testcases.Admin.Login.VerifyGreytHRLogin">
    <skipped/>
  </testcase> <!-- @BeforeMethod launchApplication -->
  <testcase name="@AfterMethod closeApplication" time="0.0" classname="TestCases.Testcases.Admin.Login.VerifyGreytHRLogin">
    <skipped/>
  </testcase> <!-- @AfterMethod closeApplication -->
  <testcase name="@BeforeMethod launchApplication" time="0.0" classname="TestCases.Testcases.Admin.Login.VerifyGreytHRLogin">
    <skipped/>
  </testcase> <!-- @BeforeMethod launchApplication -->
  <testcase name="@AfterMethod closeApplication" time="0.0" classname="TestCases.Testcases.Admin.Login.VerifyGreytHRLogin">
    <skipped/>
  </testcase> <!-- @AfterMethod closeApplication -->
  <testcase name="@BeforeMethod launchApplication" time="0.0" classname="TestCases.Testcases.Admin.Login.VerifyGreytHRLogin">
    <skipped/>
  </testcase> <!-- @BeforeMethod launchApplication -->
  <testcase name="@AfterMethod closeApplication" time="0.0" classname="TestCases.Testcases.Admin.Login.VerifyGreytHRLogin">
    <skipped/>
  </testcase> <!-- @AfterMethod closeApplication -->
  <testcase name="loginValidUsernameValidPassword" time="0.0" classname="TestCases.Testcases.Admin.Login.VerifyGreytHRLogin">
    <skipped/>
  </testcase> <!-- loginValidUsernameValidPassword -->
  <testcase name="loginInvalidUsernameValidPassword" time="0.0" classname="TestCases.Testcases.Admin.Login.VerifyGreytHRLogin">
    <skipped/>
  </testcase> <!-- loginInvalidUsernameValidPassword -->
  <testcase name="loginValidUsernameInvalidPassword" time="0.0" classname="TestCases.Testcases.Admin.Login.VerifyGreytHRLogin">
    <skipped/>
  </testcase> <!-- loginValidUsernameInvalidPassword -->
  <testcase name="loginInvalidUsernameInvalidPassword" time="0.0" classname="TestCases.Testcases.Admin.Login.VerifyGreytHRLogin">
    <skipped/>
  </testcase> <!-- loginInvalidUsernameInvalidPassword -->
</testsuite> <!-- Test -->
