<?xml version="1.0" encoding="UTF-8"?>
<!-- Generated by org.testng.reporters.JUnitReportReporter -->
<testsuite skipped="4" hostname="MUBARAK-PC" name="TestCases.Testcases.Admin.Login.VerifyGreytHRLogin" tests="5" failures="0" timestamp="21 Dec 2018 06:00:02 GMT" time="0.030" errors="1">
  <testcase name="loginValidUsernameValidPassword" time="0.000" classname="TestCases.Testcases.Admin.Login.VerifyGreytHRLogin">
    <skipped/>
  </testcase> <!-- loginValidUsernameValidPassword -->
  <testcase name="launchApplication" time="0.030" classname="TestCases.Testcases.Admin.Login.VerifyGreytHRLogin">
    <error type="java.lang.NoClassDefFoundError" message="com/google/common/collect/ImmutableList">
      <![CDATA[java.lang.NoClassDefFoundError: com/google/common/collect/ImmutableList
at org.openqa.selenium.chrome.ChromeOptions.addArguments(ChromeOptions.java:124)
at Library.BaseClass.launchGreytHRApplication(BaseClass.java:28)
at TestCases.Testcases.Admin.Login.VerifyGreytHRLogin.launchApplication(VerifyGreytHRLogin.java:36)
at sun.reflect.NativeMethodAccessorImpl.invoke0(Native Method)
at sun.reflect.NativeMethodAccessorImpl.invoke(Unknown Source)
at sun.reflect.DelegatingMethodAccessorImpl.invoke(Unknown Source)
at java.lang.reflect.Method.invoke(Unknown Source)
at org.testng.internal.MethodInvocationHelper.invokeMethod(MethodInvocationHelper.java:124)
at org.testng.internal.MethodInvocationHelper.invokeMethodConsideringTimeout(MethodInvocationHelper.java:59)
at org.testng.internal.Invoker.invokeConfigurationMethod(Invoker.java:455)
at org.testng.internal.Invoker.invokeConfigurations(Invoker.java:222)
at org.testng.internal.Invoker.invokeMethod(Invoker.java:520)
at org.testng.internal.Invoker.invokeTestMethod(Invoker.java:716)
at org.testng.internal.Invoker.invokeTestMethods(Invoker.java:988)
at org.testng.internal.TestMethodWorker.invokeTestMethods(TestMethodWorker.java:125)
at org.testng.internal.TestMethodWorker.run(TestMethodWorker.java:109)
at org.testng.TestRunner.privateRun(TestRunner.java:648)
at org.testng.TestRunner.run(TestRunner.java:505)
at org.testng.SuiteRunner.runTest(SuiteRunner.java:455)
at org.testng.SuiteRunner.runSequentially(SuiteRunner.java:450)
at org.testng.SuiteRunner.privateRun(SuiteRunner.java:415)
at org.testng.SuiteRunner.run(SuiteRunner.java:364)
at org.testng.SuiteRunnerWorker.runSuite(SuiteRunnerWorker.java:52)
at org.testng.SuiteRunnerWorker.run(SuiteRunnerWorker.java:84)
at org.testng.TestNG.runSuitesSequentially(TestNG.java:1208)
at org.testng.TestNG.runSuitesLocally(TestNG.java:1137)
at org.testng.TestNG.runSuites(TestNG.java:1049)
at org.testng.TestNG.run(TestNG.java:1017)
at org.testng.remote.AbstractRemoteTestNG.run(AbstractRemoteTestNG.java:114)
at org.testng.remote.RemoteTestNG.initAndRun(RemoteTestNG.java:251)
at org.testng.remote.RemoteTestNG.main(RemoteTestNG.java:77)
Caused by: java.lang.ClassNotFoundException: com.google.common.collect.ImmutableList
at java.net.URLClassLoader.findClass(Unknown Source)
at java.lang.ClassLoader.loadClass(Unknown Source)
at sun.misc.Launcher$AppClassLoader.loadClass(Unknown Source)
at java.lang.ClassLoader.loadClass(Unknown Source)
... 31 more
]]>
    </error>
  </testcase> <!-- launchApplication -->
  <testcase name="loginInvalidUsernameValidPassword" time="0.000" classname="TestCases.Testcases.Admin.Login.VerifyGreytHRLogin">
    <skipped/>
  </testcase> <!-- loginInvalidUsernameValidPassword -->
  <testcase name="loginValidUsernameInvalidPassword" time="0.000" classname="TestCases.Testcases.Admin.Login.VerifyGreytHRLogin">
    <skipped/>
  </testcase> <!-- loginValidUsernameInvalidPassword -->
  <testcase name="loginInvalidUsernameInvalidPassword" time="0.000" classname="TestCases.Testcases.Admin.Login.VerifyGreytHRLogin">
    <skipped/>
  </testcase> <!-- loginInvalidUsernameInvalidPassword -->
</testsuite> <!-- TestCases.Testcases.Admin.Login.VerifyGreytHRLogin -->
